生成启动时间为 2019/5/25 17:24:02。
     1>项目“D:\比特科技C语言\作业\homework6\text\text\text.vcxproj”在节点 2 上(Build 个目标)。
     1>ClCompile:
         D:\BaiduNetdiskDownload\VC\bin\CL.exe /c /ZI /nologo /W3 /WX- /sdl /Od /Oy- /D _MBCS /Gm /EHsc /RTC1 /MDd /GS /fp:precise /Zc:wchar_t /Zc:forScope /Fo"Debug\\" /Fd"Debug\vc120.pdb" /Gd /TC /analyze- /errorReport:prompt 1.c 2.c 3.c 4.c 5.c
         5.c
         4.c
         3.c
         2.c
         1.c
         正在生成代码...
       Link:
         D:\BaiduNetdiskDownload\VC\bin\link.exe /ERRORREPORT:PROMPT /OUT:"D:\比特科技C语言\作业\homework6\text\Debug\text.exe" /INCREMENTAL /NOLOGO kernel32.lib user32.lib gdi32.lib winspool.lib comdlg32.lib advapi32.lib shell32.lib ole32.lib oleaut32.lib uuid.lib odbc32.lib odbccp32.lib /MANIFEST /MANIFESTUAC:"level='asInvoker' uiAccess='false'" /manifest:embed /DEBUG /PDB:"D:\比特科技C语言\作业\homework6\text\Debug\text.pdb" /TLBID:1 /DYNAMICBASE /NXCOMPAT /IMPLIB:"D:\比特科技C语言\作业\homework6\text\Debug\text.lib" /MACHINE:X86 Debug\1.obj
         Debug\2.obj
         Debug\3.obj
         Debug\4.obj
         Debug\5.obj
         text.vcxproj -> D:\比特科技C语言\作业\homework6\text\Debug\text.exe
     1>已完成生成项目“D:\比特科技C语言\作业\homework6\text\text\text.vcxproj”(Build 个目标)的操作。

生成成功。

已用时间 00:00:01.28
